<?xml version="1.0" encoding="UTF-8"?>
<testsuite xmlns:xsi="http://www.w3.org/2001/XMLSchema-instance" xsi:noNamespaceSchemaLocation="https://maven.apache.org/surefire/maven-surefire-plugin/xsd/surefire-test-report.xsd" name="com.Airlines.qa.testCases.WelcomePageTest" time="0.359" tests="21" errors="0" skipped="20" failures="1">
  <properties>
[...]
</properties>
  <testcase name="setUP" classname="com.Airlines.qa.testCases.WelcomePageTest" time="0.24">
    <failure message="The driver executable does not exist: /Applications/chromedriver⁩" type="java.lang.IllegalStateException">java.lang.IllegalStateException: The driver executable does not exist: /Applications/chromedriver⁩
	at com.Airlines.qa.testCases.WelcomePageTest.setUP(WelcomePageTest.java:19)
</failure>
  </testcase>
  <testcase name="setUP" classname="com.Airlines.qa.testCases.WelcomePageTest" time="0">
    <skipped/>
  </testcase>
  <testcase name="setUP" classname="com.Airlines.qa.testCases.WelcomePageTest" time="0">
    <skipped/>
  </testcase>
  <testcase name="setUP" classname="com.Airlines.qa.testCases.WelcomePageTest" time="0">
    <skipped/>
  </testcase>
  <testcase name="setUP" classname="com.Airlines.qa.testCases.WelcomePageTest" time="0">
    <skipped/>
  </testcase>
  <testcase name="setUP" classname="com.Airlines.qa.testCases.WelcomePageTest" time="0">
    <skipped/>
  </testcase>
  <testcase name="setUP" classname="com.Airlines.qa.testCases.WelcomePageTest" time="0">
    <skipped/>
  </testcase>
  <testcase name="BookATicketmsgTest" classname="com.Airlines.qa.testCases.WelcomePageTest" time="0">
    <skipped message="The driver executable does not exist: /Applications/chromedriver⁩"/>
  </testcase>
  <testcase name="tearDown" classname="com.Airlines.qa.testCases.WelcomePageTest" time="0">
    <skipped/>
  </testcase>
  <testcase name="tearDown" classname="com.Airlines.qa.testCases.WelcomePageTest" time="0">
    <skipped/>
  </testcase>
  <testcase name="tearDown" classname="com.Airlines.qa.testCases.WelcomePageTest" time="0">
    <skipped/>
  </testcase>
  <testcase name="tearDown" classname="com.Airlines.qa.testCases.WelcomePageTest" time="0">
    <skipped/>
  </testcase>
  <testcase name="tearDown" classname="com.Airlines.qa.testCases.WelcomePageTest" time="0">
    <skipped/>
  </testcase>
  <testcase name="tearDown" classname="com.Airlines.qa.testCases.WelcomePageTest" time="0">
    <skipped/>
  </testcase>
  <testcase name="tearDown" classname="com.Airlines.qa.testCases.WelcomePageTest" time="0">
    <skipped/>
  </testcase>
  <testcase name="DepartingTextTest" classname="com.Airlines.qa.testCases.WelcomePageTest" time="0">
    <skipped message="The driver executable does not exist: /Applications/chromedriver⁩"/>
  </testcase>
  <testcase name="LoginPageTitleTest" classname="com.Airlines.qa.testCases.WelcomePageTest" time="0">
    <skipped message="The driver executable does not exist: /Applications/chromedriver⁩"/>
  </testcase>
  <testcase name="PromoCodeTest" classname="com.Airlines.qa.testCases.WelcomePageTest" time="0">
    <skipped message="The driver executable does not exist: /Applications/chromedriver⁩"/>
  </testcase>
  <testcase name="ReturningTextTest" classname="com.Airlines.qa.testCases.WelcomePageTest" time="0">
    <skipped message="The driver executable does not exist: /Applications/chromedriver⁩"/>
  </testcase>
  <testcase name="WelcomemsgTest" classname="com.Airlines.qa.testCases.WelcomePageTest" time="0">
    <skipped message="The driver executable does not exist: /Applications/chromedriver⁩"/>
  </testcase>
  <testcase name="marsLogoTest" classname="com.Airlines.qa.testCases.WelcomePageTest" time="0">
    <skipped message="The driver executable does not exist: /Applications/chromedriver⁩"/>
  </testcase>
</testsuite>